d:\sga\팀포폴프레임워크\sga_directxteam\sgadirectx_tera\direct3d_025\debug\direct3d_tera.pch
d:\sga\팀포폴프레임워크\sga_directxteam\sgadirectx_tera\direct3d_025\debug\vc140.pdb
d:\sga\팀포폴프레임워크\sga_directxteam\sgadirectx_tera\direct3d_025\debug\vc140.idb
d:\sga\팀포폴프레임워크\sga_directxteam\sgadirectx_tera\direct3d_025\debug\stdafx.obj
d:\sga\팀포폴프레임워크\sga_directxteam\sgadirectx_tera\direct3d_025\debug\cscenechangeeffectupdown.obj
d:\sga\팀포폴프레임워크\sga_directxteam\sgadirectx_tera\direct3d_025\debug\cscene_00.obj
d:\sga\팀포폴프레임워크\sga_directxteam\sgadirectx_tera\direct3d_025\debug\cscene_01.obj
d:\sga\팀포폴프레임워크\sga_directxteam\sgadirectx_tera\direct3d_025\debug\cscene_02.obj
d:\sga\팀포폴프레임워크\sga_directxteam\sgadirectx_tera\direct3d_025\debug\cscene_main.obj
d:\sga\팀포폴프레임워크\sga_directxteam\sgadirectx_tera\direct3d_025\debug\cscene_mgr.obj
d:\sga\팀포폴프레임워크\sga_directxteam\sgadirectx_tera\direct3d_025\debug\csetboundobject.obj
d:\sga\팀포폴프레임워크\sga_directxteam\sgadirectx_tera\direct3d_025\debug\csingletonbase.obj
d:\sga\팀포폴프레임워크\sga_directxteam\sgadirectx_tera\direct3d_025\debug\cskinnedanimation.obj
d:\sga\팀포폴프레임워크\sga_directxteam\sgadirectx_tera\direct3d_025\debug\cspritemanager.obj
d:\sga\팀포폴프레임워크\sga_directxteam\sgadirectx_tera\direct3d_025\debug\cstartscene.obj
d:\sga\팀포폴프레임워크\sga_directxteam\sgadirectx_tera\direct3d_025\debug\cterrain.obj
d:\sga\팀포폴프레임워크\sga_directxteam\sgadirectx_tera\direct3d_025\debug\ctimemgr.obj
d:\sga\팀포폴프레임워크\sga_directxteam\sgadirectx_tera\direct3d_025\debug\ctrailrender.obj
d:\sga\팀포폴프레임워크\sga_directxteam\sgadirectx_tera\direct3d_025\debug\ctransform.obj
d:\sga\팀포폴프레임워크\sga_directxteam\sgadirectx_tera\direct3d_025\debug\cxmesh.obj
d:\sga\팀포폴프레임워크\sga_directxteam\sgadirectx_tera\direct3d_025\debug\cxmesh_skinned.obj
d:\sga\팀포폴프레임워크\sga_directxteam\sgadirectx_tera\direct3d_025\debug\cxmesh_static.obj
d:\sga\팀포폴프레임워크\sga_directxteam\sgadirectx_tera\direct3d_025\debug\myutil.obj
d:\sga\팀포폴프레임워크\sga_directxteam\sgadirectx_tera\direct3d_025\debug\winmain.obj
d:\sga\팀포폴프레임워크\sga_directxteam\sgadirectx_tera\direct3d_025\debug\cpartcleemitter.obj
d:\sga\팀포폴프레임워크\sga_directxteam\sgadirectx_tera\direct3d_025\debug\cparticle.obj
d:\sga\팀포폴프레임워크\sga_directxteam\sgadirectx_tera\direct3d_025\debug\cparticlequad.obj
d:\sga\팀포폴프레임워크\sga_directxteam\sgadirectx_tera\direct3d_025\debug\cphysicmanager.obj
d:\sga\팀포폴프레임워크\sga_directxteam\sgadirectx_tera\direct3d_025\debug\cplayerskilleffect.obj
d:\sga\팀포폴프레임워크\sga_directxteam\sgadirectx_tera\direct3d_025\debug\cplayerui.obj
d:\sga\팀포폴프레임워크\sga_directxteam\sgadirectx_tera\direct3d_025\debug\cprogressbar_boss.obj
d:\sga\팀포폴프레임워크\sga_directxteam\sgadirectx_tera\direct3d_025\debug\cprogressbar_mmonster.obj
d:\sga\팀포폴프레임워크\sga_directxteam\sgadirectx_tera\direct3d_025\debug\cprogressbar_monster.obj
d:\sga\팀포폴프레임워크\sga_directxteam\sgadirectx_tera\direct3d_025\debug\cprogressbar_smonster.obj
d:\sga\팀포폴프레임워크\sga_directxteam\sgadirectx_tera\direct3d_025\debug\cquad.obj
d:\sga\팀포폴프레임워크\sga_directxteam\sgadirectx_tera\direct3d_025\debug\cquadparticleemitter.obj
d:\sga\팀포폴프레임워크\sga_directxteam\sgadirectx_tera\direct3d_025\debug\cquadtree.obj
d:\sga\팀포폴프레임워크\sga_directxteam\sgadirectx_tera\direct3d_025\debug\cresourcemgr_xskinnedmesh.obj
d:\sga\팀포폴프레임워크\sga_directxteam\sgadirectx_tera\direct3d_025\debug\cresourcemgr.obj
d:\sga\팀포폴프레임워크\sga_directxteam\sgadirectx_tera\direct3d_025\debug\cresourcemgr_shaderfx.obj
d:\sga\팀포폴프레임워크\sga_directxteam\sgadirectx_tera\direct3d_025\debug\cresourcemgr_texture.obj
d:\sga\팀포폴프레임워크\sga_directxteam\sgadirectx_tera\direct3d_025\debug\cresourcemgr_xstaticmesh.obj
d:\sga\팀포폴프레임워크\sga_directxteam\sgadirectx_tera\direct3d_025\debug\cscene.obj
d:\sga\팀포폴프레임워크\sga_directxteam\sgadirectx_tera\direct3d_025\debug\cscenechangeeffect.obj
d:\sga\팀포폴프레임워크\sga_directxteam\sgadirectx_tera\direct3d_025\debug\bonehierachy.obj
d:\sga\팀포폴프레임워크\sga_directxteam\sgadirectx_tera\direct3d_025\debug\cbaseobject.obj
d:\sga\팀포폴프레임워크\sga_directxteam\sgadirectx_tera\direct3d_025\debug\cboundbox.obj
d:\sga\팀포폴프레임워크\sga_directxteam\sgadirectx_tera\direct3d_025\debug\cboundsphere.obj
d:\sga\팀포폴프레임워크\sga_directxteam\sgadirectx_tera\direct3d_025\debug\ccamera.obj
d:\sga\팀포폴프레임워크\sga_directxteam\sgadirectx_tera\direct3d_025\debug\ccharacter.obj
d:\sga\팀포폴프레임워크\sga_directxteam\sgadirectx_tera\direct3d_025\debug\cdxfontmanager.obj
d:\sga\팀포폴프레임워크\sga_directxteam\sgadirectx_tera\direct3d_025\debug\cenemy.obj
d:\sga\팀포폴프레임워크\sga_directxteam\sgadirectx_tera\direct3d_025\debug\cfrustum.obj
d:\sga\팀포폴프레임워크\sga_directxteam\sgadirectx_tera\direct3d_025\debug\cgizmomanager.obj
d:\sga\팀포폴프레임워크\sga_directxteam\sgadirectx_tera\direct3d_025\debug\cimage.obj
d:\sga\팀포폴프레임워크\sga_directxteam\sgadirectx_tera\direct3d_025\debug\ckeymgr.obj
d:\sga\팀포폴프레임워크\sga_directxteam\sgadirectx_tera\direct3d_025\debug\clight.obj
d:\sga\팀포폴프레임워크\sga_directxteam\sgadirectx_tera\direct3d_025\debug\clight_direction.obj
d:\sga\팀포폴프레임워크\sga_directxteam\sgadirectx_tera\direct3d_025\debug\clight_point.obj
d:\sga\팀포폴프레임워크\sga_directxteam\sgadirectx_tera\direct3d_025\debug\cloadingscene.obj
d:\sga\팀포폴프레임워크\sga_directxteam\sgadirectx_tera\direct3d_025\debug\clogmgr.obj
d:\sga\팀포폴프레임워크\sga_directxteam\sgadirectx_tera\direct3d_025\debug\cmaingame.obj
d:\sga\팀포폴프레임워크\sga_directxteam\sgadirectx_tera\direct3d_025\debug\cmap.obj
d:\sga\팀포폴프레임워크\sga_directxteam\sgadirectx_tera\direct3d_025\debug\cmeshmap.obj
d:\sga\팀포폴프레임워크\sga_directxteam\sgadirectx_tera\direct3d_025\debug\cboss.obj
d:\sga\팀포폴프레임워크\sga_directxteam\sgadirectx_tera\direct3d_025\debug\cdecaleffect.obj
d:\sga\팀포폴프레임워크\sga_directxteam\sgadirectx_tera\direct3d_025\debug\ctickfunc.obj
d:\sga\팀포폴프레임워크\sga_directxteam\sgadirectx_tera\direct3d_025\debug\ctestvideo.obj
d:\sga\팀포폴프레임워크\sga_directxteam\sgadirectx_tera\direct3d_025\debug\cvideo.obj
d:\sga\팀포폴프레임워크\sga_directxteam\sgadirectx_tera\direct3d_025\debug\ceffect.obj
d:\sga\팀포폴프레임워크\sga_directxteam\sgadirectx_tera\direct3d_025\debug\cenemyeffect.obj
d:\sga\팀포폴프레임워크\sga_directxteam\sgadirectx_tera\direct3d_025\debug\cbosseffect.obj
d:\sga\팀포폴프레임워크\sga_directxteam\sgadirectx_tera\direct3d_025\debug\clocationeffect.obj
d:\sga\팀포폴프레임워크\sga_directxteam\sgadirectx_tera\direct3d_025\debug\csoundmanager.obj
d:\sga\팀포폴프레임워크\sga_directxteam\sgadirectx_tera\debug\direct3d_tera.ilk
d:\sga\팀포폴프레임워크\sga_directxteam\sgadirectx_tera\debug\direct3d_tera.exe
d:\sga\팀포폴프레임워크\sga_directxteam\sgadirectx_tera\debug\direct3d_tera.pdb
d:\sga\팀포폴프레임워크\sga_directxteam\sgadirectx_tera\direct3d_025\debug\cboss.obj.enc
d:\sga\팀포폴프레임워크\sga_directxteam\sgadirectx_tera\direct3d_025\debug\direct3d_tera.tlog\cl.command.1.tlog
d:\sga\팀포폴프레임워크\sga_directxteam\sgadirectx_tera\direct3d_025\debug\direct3d_tera.tlog\cl.read.1.tlog
d:\sga\팀포폴프레임워크\sga_directxteam\sgadirectx_tera\direct3d_025\debug\direct3d_tera.tlog\cl.write.1.tlog
d:\sga\팀포폴프레임워크\sga_directxteam\sgadirectx_tera\direct3d_025\debug\direct3d_tera.tlog\link.command.1.tlog
d:\sga\팀포폴프레임워크\sga_directxteam\sgadirectx_tera\direct3d_025\debug\direct3d_tera.tlog\link.read.1.tlog
d:\sga\팀포폴프레임워크\sga_directxteam\sgadirectx_tera\direct3d_025\debug\direct3d_tera.tlog\link.write.1.tlog
