  cCharacter.cpp
cCharacter.cpp(56): warning C4316: 'cTransform': 힙에 할당된 개체가 16에 맞추어져 있지 않을 수도 있습니다
cCharacter.cpp(57): warning C4316: 'cTransform': 힙에 할당된 개체가 16에 맞추어져 있지 않을 수도 있습니다
cCharacter.cpp(58): warning C4316: 'cTransform': 힙에 할당된 개체가 16에 맞추어져 있지 않을 수도 있습니다
cCharacter.cpp(59): warning C4316: 'cTransform': 힙에 할당된 개체가 16에 맞추어져 있지 않을 수도 있습니다
cCharacter.cpp(60): warning C4316: 'cTransform': 힙에 할당된 개체가 16에 맞추어져 있지 않을 수도 있습니다
cCharacter.cpp(61): warning C4316: 'cTransform': 힙에 할당된 개체가 16에 맞추어져 있지 않을 수도 있습니다
cCharacter.cpp(62): warning C4316: 'cTransform': 힙에 할당된 개체가 16에 맞추어져 있지 않을 수도 있습니다
cCharacter.cpp(117): warning C4305: '인수': 'double'에서 'FLOAT'(으)로 잘립니다.
cCharacter.cpp(123): warning C4305: '인수': 'double'에서 'FLOAT'(으)로 잘립니다.
cCharacter.cpp(132): warning C4018: '<': signed 또는 unsigned가 일치하지 않습니다.
cCharacter.cpp(145): warning C4018: '<': signed 또는 unsigned가 일치하지 않습니다.
cCharacter.cpp(177): warning C4018: '<': signed 또는 unsigned가 일치하지 않습니다.
cCharacter.cpp(187): warning C4305: '인수': 'double'에서 'float'(으)로 잘립니다.
cCharacter.cpp(191): warning C4305: '인수': 'double'에서 'float'(으)로 잘립니다.
cCharacter.cpp(203): warning C4018: '<': signed 또는 unsigned가 일치하지 않습니다.
cCharacter.cpp(220): warning C4018: '<': signed 또는 unsigned가 일치하지 않습니다.
cCharacter.cpp(233): warning C4018: '<': signed 또는 unsigned가 일치하지 않습니다.
cCharacter.cpp(246): warning C4018: '<': signed 또는 unsigned가 일치하지 않습니다.
cCharacter.cpp(268): warning C4018: '<': signed 또는 unsigned가 일치하지 않습니다.
cCharacter.cpp(285): warning C4018: '<': signed 또는 unsigned가 일치하지 않습니다.
cCharacter.cpp(298): warning C4018: '<': signed 또는 unsigned가 일치하지 않습니다.
cCharacter.cpp(315): warning C4305: '인수': 'double'에서 'float'(으)로 잘립니다.
cCharacter.cpp(319): warning C4305: '인수': 'double'에서 'float'(으)로 잘립니다.
cCharacter.cpp(333): warning C4018: '<': signed 또는 unsigned가 일치하지 않습니다.
cCharacter.cpp(350): warning C4018: '<': signed 또는 unsigned가 일치하지 않습니다.
cCharacter.cpp(381): warning C4018: '<': signed 또는 unsigned가 일치하지 않습니다.
cCharacter.cpp(392): warning C4018: '<': signed 또는 unsigned가 일치하지 않습니다.
cCharacter.cpp(405): warning C4305: '초기화 중': 'double'에서 'float'(으)로 잘립니다.
  코드를 생성하고 있습니다.
g:\포트폴리오\direct3d한달팀포폴\sga_directxteam\sgadirectx_tera\direct3d_025\myutil.cpp(106): warning C4715: 'MyUtil::CreateDevice': 모든 제어 경로에서 값을 반환하지는 않습니다.
g:\포트폴리오\direct3d한달팀포폴\sga_directxteam\sgadirectx_tera\direct3d_025\cvideo.cpp(40): warning C4715: 'cVideo::GetIsPlay': 모든 제어 경로에서 값을 반환하지는 않습니다.
g:\포트폴리오\direct3d한달팀포폴\sga_directxteam\sgadirectx_tera\direct3d_025\cskinnedanimation.cpp(55): warning C4715: 'cSkinnedAnimation::Init': 모든 제어 경로에서 값을 반환하지는 않습니다.
g:\포트폴리오\direct3d한달팀포폴\sga_directxteam\sgadirectx_tera\direct3d_025\cxmesh_static.cpp(193): warning C4715: 'cXMesh_Static::Init': 모든 제어 경로에서 값을 반환하지는 않습니다.
  All 2808 functions were compiled because no usable IPDB/IOBJ from previous compilation was found.
  코드를 생성했습니다.
  Direct3D_025.vcxproj -> G:\포트폴리오\Direct3D한달팀포폴\SGA_DirectxTeam\sgaDirectx_TERA\Release\Direct3D_TERA.exe
  Direct3D_025.vcxproj -> G:\포트폴리오\Direct3D한달팀포폴\SGA_DirectxTeam\sgaDirectx_TERA\Release\Direct3D_TERA.pdb (Full PDB)
